INFO - 2024-11-12 12:12:50 --> Session: Class initialized using 'CodeIgniter\Session\Handlers\FileHandler' driver.
INFO - 2024-11-12 12:16:51 --> Session: Class initialized using 'CodeIgniter\Session\Handlers\FileHandler' driver.
INFO - 2024-11-12 12:21:11 --> Session: Class initialized using 'CodeIgniter\Session\Handlers\FileHandler' driver.
INFO - 2024-11-12 13:13:20 --> Session: Class initialized using 'CodeIgniter\Session\Handlers\FileHandler' driver.
INFO - 2024-11-12 13:13:22 --> Session: Class initialized using 'CodeIgniter\Session\Handlers\FileHandler' driver.
INFO - 2024-11-12 13:13:23 --> Session: Class initialized using 'CodeIgniter\Session\Handlers\FileHandler' driver.
INFO - 2024-11-12 13:13:24 --> Session: Class initialized using 'CodeIgniter\Session\Handlers\FileHandler' driver.
INFO - 2024-11-12 13:13:33 --> Session: Class initialized using 'CodeIgniter\Session\Handlers\FileHandler' driver.
INFO - 2024-11-12 13:13:35 --> Session: Class initialized using 'CodeIgniter\Session\Handlers\FileHandler' driver.
INFO - 2024-11-12 13:26:23 --> Session: Class initialized using 'CodeIgniter\Session\Handlers\FileHandler' driver.
INFO - 2024-11-12 13:26:25 --> Session: Class initialized using 'CodeIgniter\Session\Handlers\FileHandler' driver.
CRITICAL - 2024-11-12 13:26:45 --> CodeIgniter\Database\Exceptions\DatabaseException: You must set the database table to be used with your query.
in SYSTEMPATH/Database/BaseConnection.php on line 884.
 1 SYSTEMPATH/Model.php(662): CodeIgniter\Database\BaseConnection->table()
 2 SYSTEMPATH/Model.php(864): CodeIgniter\Model->builder()
 3 APPPATH/Controllers/Compte.php(56): CodeIgniter\Model->__call()
 4 SYSTEMPATH/CodeIgniter.php(941): App\Controllers\Compte->creer()
 5 SYSTEMPATH/CodeIgniter.php(502): CodeIgniter\CodeIgniter->runController()
 6 SYSTEMPATH/CodeIgniter.php(361): CodeIgniter\CodeIgniter->handleRequest()
 7 FCPATH/index.php(79): CodeIgniter\CodeIgniter->run()
INFO - 2024-11-12 13:27:02 --> Session: Class initialized using 'CodeIgniter\Session\Handlers\FileHandler' driver.
INFO - 2024-11-12 13:38:54 --> Session: Class initialized using 'CodeIgniter\Session\Handlers\FileHandler' driver.
CRITICAL - 2024-11-12 13:43:59 --> ParseError: syntax error, unexpected token "}", expecting "," or ";"
in APPPATH/Views/candidature/candidature_success.php on line 5.
 1 SYSTEMPATH/View/View.php(231): CodeIgniter\View\View->CodeIgniter\View\{closure}()
 2 SYSTEMPATH/Common.php(1178): CodeIgniter\View\View->render()
 3 APPPATH/Controllers/Candidature.php(65): view()
 4 SYSTEMPATH/CodeIgniter.php(941): App\Controllers\Candidature->lister()
 5 SYSTEMPATH/CodeIgniter.php(502): CodeIgniter\CodeIgniter->runController()
 6 SYSTEMPATH/CodeIgniter.php(361): CodeIgniter\CodeIgniter->handleRequest()
 7 FCPATH/index.php(79): CodeIgniter\CodeIgniter->run()
CRITICAL - 2024-11-12 13:44:03 --> ParseError: syntax error, unexpected token "}", expecting "," or ";"
in APPPATH/Views/candidature/candidature_success.php on line 5.
 1 SYSTEMPATH/View/View.php(231): CodeIgniter\View\View->CodeIgniter\View\{closure}()
 2 SYSTEMPATH/Common.php(1178): CodeIgniter\View\View->render()
 3 APPPATH/Controllers/Candidature.php(65): view()
 4 SYSTEMPATH/CodeIgniter.php(941): App\Controllers\Candidature->lister()
 5 SYSTEMPATH/CodeIgniter.php(502): CodeIgniter\CodeIgniter->runController()
 6 SYSTEMPATH/CodeIgniter.php(361): CodeIgniter\CodeIgniter->handleRequest()
 7 FCPATH/index.php(79): CodeIgniter\CodeIgniter->run()
CRITICAL - 2024-11-12 13:51:00 --> ErrorException: Undefined array key "nom_can"
in APPPATH/Views/candidature/candidature_success.php on line 31.
 1 APPPATH/Views/candidature/candidature_success.php(31): CodeIgniter\Debug\Exceptions->errorHandler()
 2 SYSTEMPATH/View/View.php(228): include('/home/2024DIFAL3/e22100290/public_html/V1/ci/app/Views/candidature/candidature_success.php')
 3 SYSTEMPATH/View/View.php(231): CodeIgniter\View\View->CodeIgniter\View\{closure}()
 4 SYSTEMPATH/Common.php(1178): CodeIgniter\View\View->render()
 5 APPPATH/Controllers/Candidature.php(65): view()
 6 SYSTEMPATH/CodeIgniter.php(941): App\Controllers\Candidature->lister()
 7 SYSTEMPATH/CodeIgniter.php(502): CodeIgniter\CodeIgniter->runController()
 8 SYSTEMPATH/CodeIgniter.php(361): CodeIgniter\CodeIgniter->handleRequest()
 9 FCPATH/index.php(79): CodeIgniter\CodeIgniter->run()
CRITICAL - 2024-11-12 13:52:45 --> ErrorException: Undefined variable $can
in APPPATH/Views/candidature/candidature_success.php on line 29.
 1 APPPATH/Views/candidature/candidature_success.php(29): CodeIgniter\Debug\Exceptions->errorHandler()
 2 SYSTEMPATH/View/View.php(228): include('/home/2024DIFAL3/e22100290/public_html/V1/ci/app/Views/candidature/candidature_success.php')
 3 SYSTEMPATH/View/View.php(231): CodeIgniter\View\View->CodeIgniter\View\{closure}()
 4 SYSTEMPATH/Common.php(1178): CodeIgniter\View\View->render()
 5 APPPATH/Controllers/Candidature.php(65): view()
 6 SYSTEMPATH/CodeIgniter.php(941): App\Controllers\Candidature->lister()
 7 SYSTEMPATH/CodeIgniter.php(502): CodeIgniter\CodeIgniter->runController()
 8 SYSTEMPATH/CodeIgniter.php(361): CodeIgniter\CodeIgniter->handleRequest()
 9 FCPATH/index.php(79): CodeIgniter\CodeIgniter->run()
CRITICAL - 2024-11-12 13:53:21 --> ErrorException: Undefined array key "nom_can"
in APPPATH/Views/candidature/candidature_success.php on line 29.
 1 APPPATH/Views/candidature/candidature_success.php(29): CodeIgniter\Debug\Exceptions->errorHandler()
 2 SYSTEMPATH/View/View.php(228): include('/home/2024DIFAL3/e22100290/public_html/V1/ci/app/Views/candidature/candidature_success.php')
 3 SYSTEMPATH/View/View.php(231): CodeIgniter\View\View->CodeIgniter\View\{closure}()
 4 SYSTEMPATH/Common.php(1178): CodeIgniter\View\View->render()
 5 APPPATH/Controllers/Candidature.php(65): view()
 6 SYSTEMPATH/CodeIgniter.php(941): App\Controllers\Candidature->lister()
 7 SYSTEMPATH/CodeIgniter.php(502): CodeIgniter\CodeIgniter->runController()
 8 SYSTEMPATH/CodeIgniter.php(361): CodeIgniter\CodeIgniter->handleRequest()
 9 FCPATH/index.php(79): CodeIgniter\CodeIgniter->run()
CRITICAL - 2024-11-12 13:53:22 --> ErrorException: Undefined array key "nom_can"
in APPPATH/Views/candidature/candidature_success.php on line 29.
 1 APPPATH/Views/candidature/candidature_success.php(29): CodeIgniter\Debug\Exceptions->errorHandler()
 2 SYSTEMPATH/View/View.php(228): include('/home/2024DIFAL3/e22100290/public_html/V1/ci/app/Views/candidature/candidature_success.php')
 3 SYSTEMPATH/View/View.php(231): CodeIgniter\View\View->CodeIgniter\View\{closure}()
 4 SYSTEMPATH/Common.php(1178): CodeIgniter\View\View->render()
 5 APPPATH/Controllers/Candidature.php(65): view()
 6 SYSTEMPATH/CodeIgniter.php(941): App\Controllers\Candidature->lister()
 7 SYSTEMPATH/CodeIgniter.php(502): CodeIgniter\CodeIgniter->runController()
 8 SYSTEMPATH/CodeIgniter.php(361): CodeIgniter\CodeIgniter->handleRequest()
 9 FCPATH/index.php(79): CodeIgniter\CodeIgniter->run()
ERROR - 2024-11-12 13:56:16 --> mysqli_sql_exception: You have an error in your SQL syntax; check the manual that corresponds to your MariaDB server version for the right syntax to use near 'AS doc FROM `T_candidature_can` JOIN T_categorie_cat USING(id_categorie_cat) ...' at line 1 in /home/2024DIFAL3/e22100290/public_html/V1/ci/system/Database/MySQLi/Connection.php:306
Stack trace:
#0 /home/2024DIFAL3/e22100290/public_html/V1/ci/system/Database/MySQLi/Connection.php(306): mysqli->query()
#1 /home/2024DIFAL3/e22100290/public_html/V1/ci/system/Database/BaseConnection.php(693): CodeIgniter\Database\MySQLi\Connection->execute()
#2 /home/2024DIFAL3/e22100290/public_html/V1/ci/system/Database/BaseConnection.php(607): CodeIgniter\Database\BaseConnection->simpleQuery()
#3 /home/2024DIFAL3/e22100290/public_html/V1/ci/app/Models/Db_model.php(58): CodeIgniter\Database\BaseConnection->query()
#4 /home/2024DIFAL3/e22100290/public_html/V1/ci/app/Controllers/Candidature.php(62): App\Models\Db_model->get_candidature_simple()
#5 /home/2024DIFAL3/e22100290/public_html/V1/ci/system/CodeIgniter.php(941): App\Controllers\Candidature->lister()
#6 /home/2024DIFAL3/e22100290/public_html/V1/ci/system/CodeIgniter.php(502): CodeIgniter\CodeIgniter->runController()
#7 /home/2024DIFAL3/e22100290/public_html/V1/ci/system/CodeIgniter.php(361): CodeIgniter\CodeIgniter->handleRequest()
#8 /home/2024DIFAL3/e22100290/public_html/V1/ci/public/index.php(79): CodeIgniter\CodeIgniter->run()
#9 {main}
CRITICAL - 2024-11-12 13:56:16 --> CodeIgniter\Database\Exceptions\DatabaseException: You have an error in your SQL syntax; check the manual that corresponds to your MariaDB server version for the right syntax to use near 'AS doc FROM `T_candidature_can` JOIN T_categorie_cat USING(id_categorie_cat) ...' at line 1
in SYSTEMPATH/Database/BaseConnection.php on line 647.
 1 APPPATH/Models/Db_model.php(58): CodeIgniter\Database\BaseConnection->query()
 2 APPPATH/Controllers/Candidature.php(62): App\Models\Db_model->get_candidature_simple()
 3 SYSTEMPATH/CodeIgniter.php(941): App\Controllers\Candidature->lister()
 4 SYSTEMPATH/CodeIgniter.php(502): CodeIgniter\CodeIgniter->runController()
 5 SYSTEMPATH/CodeIgniter.php(361): CodeIgniter\CodeIgniter->handleRequest()
 6 FCPATH/index.php(79): CodeIgniter\CodeIgniter->run()
CRITICAL - 2024-11-12 13:56:16 --> [Caused by] CodeIgniter\Database\Exceptions\DatabaseException: You have an error in your SQL syntax; check the manual that corresponds to your MariaDB server version for the right syntax to use near 'AS doc FROM `T_candidature_can` JOIN T_categorie_cat USING(id_categorie_cat) ...' at line 1
in SYSTEMPATH/Database/MySQLi/Connection.php on line 311.
 1 SYSTEMPATH/Database/BaseConnection.php(693): CodeIgniter\Database\MySQLi\Connection->execute()
 2 SYSTEMPATH/Database/BaseConnection.php(607): CodeIgniter\Database\BaseConnection->simpleQuery()
 3 APPPATH/Models/Db_model.php(58): CodeIgniter\Database\BaseConnection->query()
 4 APPPATH/Controllers/Candidature.php(62): App\Models\Db_model->get_candidature_simple()
 5 SYSTEMPATH/CodeIgniter.php(941): App\Controllers\Candidature->lister()
 6 SYSTEMPATH/CodeIgniter.php(502): CodeIgniter\CodeIgniter->runController()
 7 SYSTEMPATH/CodeIgniter.php(361): CodeIgniter\CodeIgniter->handleRequest()
 8 FCPATH/index.php(79): CodeIgniter\CodeIgniter->run()
CRITICAL - 2024-11-12 13:56:16 --> [Caused by] mysqli_sql_exception: You have an error in your SQL syntax; check the manual that corresponds to your MariaDB server version for the right syntax to use near 'AS doc FROM `T_candidature_can` JOIN T_categorie_cat USING(id_categorie_cat) ...' at line 1
in SYSTEMPATH/Database/MySQLi/Connection.php on line 306.
 1 SYSTEMPATH/Database/MySQLi/Connection.php(306): mysqli->query()
 2 SYSTEMPATH/Database/BaseConnection.php(693): CodeIgniter\Database\MySQLi\Connection->execute()
 3 SYSTEMPATH/Database/BaseConnection.php(607): CodeIgniter\Database\BaseConnection->simpleQuery()
 4 APPPATH/Models/Db_model.php(58): CodeIgniter\Database\BaseConnection->query()
 5 APPPATH/Controllers/Candidature.php(62): App\Models\Db_model->get_candidature_simple()
 6 SYSTEMPATH/CodeIgniter.php(941): App\Controllers\Candidature->lister()
 7 SYSTEMPATH/CodeIgniter.php(502): CodeIgniter\CodeIgniter->runController()
 8 SYSTEMPATH/CodeIgniter.php(361): CodeIgniter\CodeIgniter->handleRequest()
 9 FCPATH/index.php(79): CodeIgniter\CodeIgniter->run()
INFO - 2024-11-12 14:03:19 --> Session: Class initialized using 'CodeIgniter\Session\Handlers\FileHandler' driver.
CRITICAL - 2024-11-12 14:03:32 --> CodeIgniter\Database\Exceptions\DatabaseException: You must set the database table to be used with your query.
in SYSTEMPATH/Database/BaseConnection.php on line 884.
 1 SYSTEMPATH/Model.php(662): CodeIgniter\Database\BaseConnection->table()
 2 SYSTEMPATH/Model.php(864): CodeIgniter\Model->builder()
 3 APPPATH/Controllers/Compte.php(56): CodeIgniter\Model->__call()
 4 SYSTEMPATH/CodeIgniter.php(941): App\Controllers\Compte->creer()
 5 SYSTEMPATH/CodeIgniter.php(502): CodeIgniter\CodeIgniter->runController()
 6 SYSTEMPATH/CodeIgniter.php(361): CodeIgniter\CodeIgniter->handleRequest()
 7 FCPATH/index.php(79): CodeIgniter\CodeIgniter->run()
INFO - 2024-11-12 14:05:35 --> Session: Class initialized using 'CodeIgniter\Session\Handlers\FileHandler' driver.
INFO - 2024-11-12 14:05:39 --> Session: Class initialized using 'CodeIgniter\Session\Handlers\FileHandler' driver.
INFO - 2024-11-12 14:07:25 --> Session: Class initialized using 'CodeIgniter\Session\Handlers\FileHandler' driver.
CRITICAL - 2024-11-12 14:07:31 --> ErrorException: Undefined property: stdClass::$nb
in APPPATH/Views/compte/compte_success.php on line 5.
 1 APPPATH/Views/compte/compte_success.php(5): CodeIgniter\Debug\Exceptions->errorHandler()
 2 SYSTEMPATH/View/View.php(228): include('/home/2024DIFAL3/e22100290/public_html/V1/ci/app/Views/compte/compte_success.php')
 3 SYSTEMPATH/View/View.php(231): CodeIgniter\View\View->CodeIgniter\View\{closure}()
 4 SYSTEMPATH/Common.php(1178): CodeIgniter\View\View->render()
 5 APPPATH/Controllers/Compte.php(61): view()
 6 SYSTEMPATH/CodeIgniter.php(941): App\Controllers\Compte->creer()
 7 SYSTEMPATH/CodeIgniter.php(502): CodeIgniter\CodeIgniter->runController()
 8 SYSTEMPATH/CodeIgniter.php(361): CodeIgniter\CodeIgniter->handleRequest()
 9 FCPATH/index.php(79): CodeIgniter\CodeIgniter->run()
INFO - 2024-11-12 14:08:08 --> Session: Class initialized using 'CodeIgniter\Session\Handlers\FileHandler' driver.
INFO - 2024-11-12 14:08:40 --> Session: Class initialized using 'CodeIgniter\Session\Handlers\FileHandler' driver.
INFO - 2024-11-12 14:08:41 --> Session: Class initialized using 'CodeIgniter\Session\Handlers\FileHandler' driver.
CRITICAL - 2024-11-12 14:09:57 --> ParseError: syntax error, unexpected token "}", expecting "," or ";"
in APPPATH/Views/candidature/candidature_success.php on line 7.
 1 SYSTEMPATH/View/View.php(231): CodeIgniter\View\View->CodeIgniter\View\{closure}()
 2 SYSTEMPATH/Common.php(1178): CodeIgniter\View\View->render()
 3 APPPATH/Controllers/Candidature.php(66): view()
 4 SYSTEMPATH/CodeIgniter.php(941): App\Controllers\Candidature->lister()
 5 SYSTEMPATH/CodeIgniter.php(502): CodeIgniter\CodeIgniter->runController()
 6 SYSTEMPATH/CodeIgniter.php(361): CodeIgniter\CodeIgniter->handleRequest()
 7 FCPATH/index.php(79): CodeIgniter\CodeIgniter->run()
INFO - 2024-11-12 14:18:36 --> Session: Class initialized using 'CodeIgniter\Session\Handlers\FileHandler' driver.
CRITICAL - 2024-11-12 14:18:58 --> ErrorException: Attempt to read property "nom_can" on array
in APPPATH/Views/candidature/candidature_success.php on line 30.
 1 APPPATH/Views/candidature/candidature_success.php(30): CodeIgniter\Debug\Exceptions->errorHandler()
 2 SYSTEMPATH/View/View.php(228): include('/home/2024DIFAL3/e22100290/public_html/V1/ci/app/Views/candidature/candidature_success.php')
 3 SYSTEMPATH/View/View.php(231): CodeIgniter\View\View->CodeIgniter\View\{closure}()
 4 SYSTEMPATH/Common.php(1178): CodeIgniter\View\View->render()
 5 APPPATH/Controllers/Candidature.php(44): view()
 6 SYSTEMPATH/CodeIgniter.php(941): App\Controllers\Candidature->afficher()
 7 SYSTEMPATH/CodeIgniter.php(502): CodeIgniter\CodeIgniter->runController()
 8 SYSTEMPATH/CodeIgniter.php(361): CodeIgniter\CodeIgniter->handleRequest()
 9 FCPATH/index.php(79): CodeIgniter\CodeIgniter->run()
