INFO - 2024-11-25 14:45:39 --> Session: Class initialized using 'CodeIgniter\Session\Handlers\FileHandler' driver.
WARNING - 2024-11-25 14:45:40 --> [DEPRECATED] Creation of dynamic property App\Controllers\Compte::$model is deprecated in APPPATH/Controllers/Compte.php on line 11.
 1 SYSTEMPATH/CodeIgniter.php(913): App\Controllers\Compte->__construct()
 2 SYSTEMPATH/CodeIgniter.php(493): CodeIgniter\CodeIgniter->createController()
 3 SYSTEMPATH/CodeIgniter.php(361): CodeIgniter\CodeIgniter->handleRequest(null, Object(Config\Cache), false)
 4 FCPATH/index.php(79): CodeIgniter\CodeIgniter->run()
INFO - 2024-11-25 14:45:40 --> Session: Class initialized using 'CodeIgniter\Session\Handlers\FileHandler' driver.
INFO - 2024-11-25 16:25:00 --> Session: Class initialized using 'CodeIgniter\Session\Handlers\FileHandler' driver.
INFO - 2024-11-25 16:31:53 --> Session: Class initialized using 'CodeIgniter\Session\Handlers\FileHandler' driver.
CRITICAL - 2024-11-25 16:32:35 --> TypeError: Cannot access offset of type string on string
in APPPATH/Models/Db_model.php on line 113.
 1 APPPATH/Controllers/Candidature.php(68): App\Models\Db_model->set_compte()
 2 SYSTEMPATH/CodeIgniter.php(941): App\Controllers\Candidature->supprimer_candidature()
 3 SYSTEMPATH/CodeIgniter.php(502): CodeIgniter\CodeIgniter->runController()
 4 SYSTEMPATH/CodeIgniter.php(361): CodeIgniter\CodeIgniter->handleRequest()
 5 FCPATH/index.php(79): CodeIgniter\CodeIgniter->run()
INFO - 2024-11-25 16:33:05 --> Session: Class initialized using 'CodeIgniter\Session\Handlers\FileHandler' driver.
CRITICAL - 2024-11-25 16:33:11 --> TypeError: Cannot access offset of type string on string
in APPPATH/Models/Db_model.php on line 113.
 1 APPPATH/Controllers/Candidature.php(68): App\Models\Db_model->set_compte()
 2 SYSTEMPATH/CodeIgniter.php(941): App\Controllers\Candidature->supprimer_candidature()
 3 SYSTEMPATH/CodeIgniter.php(502): CodeIgniter\CodeIgniter->runController()
 4 SYSTEMPATH/CodeIgniter.php(361): CodeIgniter\CodeIgniter->handleRequest()
 5 FCPATH/index.php(79): CodeIgniter\CodeIgniter->run()
INFO - 2024-11-25 16:33:47 --> Session: Class initialized using 'CodeIgniter\Session\Handlers\FileHandler' driver.
ERROR - 2024-11-25 16:33:52 --> mysqli_sql_exception: Unknown column 'CANtest1234' in 'field list' in /home/2024DIFAL3/e22100290/public_html/V1/ci/system/Database/MySQLi/Connection.php:306
Stack trace:
#0 /home/2024DIFAL3/e22100290/public_html/V1/ci/system/Database/MySQLi/Connection.php(306): mysqli->query()
#1 /home/2024DIFAL3/e22100290/public_html/V1/ci/system/Database/BaseConnection.php(693): CodeIgniter\Database\MySQLi\Connection->execute()
#2 /home/2024DIFAL3/e22100290/public_html/V1/ci/system/Database/BaseConnection.php(607): CodeIgniter\Database\BaseConnection->simpleQuery()
#3 /home/2024DIFAL3/e22100290/public_html/V1/ci/app/Models/Db_model.php(78): CodeIgniter\Database\BaseConnection->query()
#4 /home/2024DIFAL3/e22100290/public_html/V1/ci/app/Controllers/Candidature.php(68): App\Models\Db_model->sup_candidature()
#5 /home/2024DIFAL3/e22100290/public_html/V1/ci/system/CodeIgniter.php(941): App\Controllers\Candidature->supprimer_candidature()
#6 /home/2024DIFAL3/e22100290/public_html/V1/ci/system/CodeIgniter.php(502): CodeIgniter\CodeIgniter->runController()
#7 /home/2024DIFAL3/e22100290/public_html/V1/ci/system/CodeIgniter.php(361): CodeIgniter\CodeIgniter->handleRequest()
#8 /home/2024DIFAL3/e22100290/public_html/V1/ci/public/index.php(79): CodeIgniter\CodeIgniter->run()
#9 {main}
CRITICAL - 2024-11-25 16:33:52 --> CodeIgniter\Database\Exceptions\DatabaseException: Unknown column 'CANtest1234' in 'field list'
in SYSTEMPATH/Database/BaseConnection.php on line 647.
 1 APPPATH/Models/Db_model.php(78): CodeIgniter\Database\BaseConnection->query()
 2 APPPATH/Controllers/Candidature.php(68): App\Models\Db_model->sup_candidature()
 3 SYSTEMPATH/CodeIgniter.php(941): App\Controllers\Candidature->supprimer_candidature()
 4 SYSTEMPATH/CodeIgniter.php(502): CodeIgniter\CodeIgniter->runController()
 5 SYSTEMPATH/CodeIgniter.php(361): CodeIgniter\CodeIgniter->handleRequest()
 6 FCPATH/index.php(79): CodeIgniter\CodeIgniter->run()
CRITICAL - 2024-11-25 16:33:52 --> [Caused by] CodeIgniter\Database\Exceptions\DatabaseException: Unknown column 'CANtest1234' in 'field list'
in SYSTEMPATH/Database/MySQLi/Connection.php on line 311.
 1 SYSTEMPATH/Database/BaseConnection.php(693): CodeIgniter\Database\MySQLi\Connection->execute()
 2 SYSTEMPATH/Database/BaseConnection.php(607): CodeIgniter\Database\BaseConnection->simpleQuery()
 3 APPPATH/Models/Db_model.php(78): CodeIgniter\Database\BaseConnection->query()
 4 APPPATH/Controllers/Candidature.php(68): App\Models\Db_model->sup_candidature()
 5 SYSTEMPATH/CodeIgniter.php(941): App\Controllers\Candidature->supprimer_candidature()
 6 SYSTEMPATH/CodeIgniter.php(502): CodeIgniter\CodeIgniter->runController()
 7 SYSTEMPATH/CodeIgniter.php(361): CodeIgniter\CodeIgniter->handleRequest()
 8 FCPATH/index.php(79): CodeIgniter\CodeIgniter->run()
CRITICAL - 2024-11-25 16:33:52 --> [Caused by] mysqli_sql_exception: Unknown column 'CANtest1234' in 'field list'
in SYSTEMPATH/Database/MySQLi/Connection.php on line 306.
 1 SYSTEMPATH/Database/MySQLi/Connection.php(306): mysqli->query()
 2 SYSTEMPATH/Database/BaseConnection.php(693): CodeIgniter\Database\MySQLi\Connection->execute()
 3 SYSTEMPATH/Database/BaseConnection.php(607): CodeIgniter\Database\BaseConnection->simpleQuery()
 4 APPPATH/Models/Db_model.php(78): CodeIgniter\Database\BaseConnection->query()
 5 APPPATH/Controllers/Candidature.php(68): App\Models\Db_model->sup_candidature()
 6 SYSTEMPATH/CodeIgniter.php(941): App\Controllers\Candidature->supprimer_candidature()
 7 SYSTEMPATH/CodeIgniter.php(502): CodeIgniter\CodeIgniter->runController()
 8 SYSTEMPATH/CodeIgniter.php(361): CodeIgniter\CodeIgniter->handleRequest()
 9 FCPATH/index.php(79): CodeIgniter\CodeIgniter->run()
INFO - 2024-11-25 16:35:10 --> Session: Class initialized using 'CodeIgniter\Session\Handlers\FileHandler' driver.
CRITICAL - 2024-11-25 16:35:13 --> CodeIgniter\View\Exceptions\ViewException: Invalid file: "candidature/supression_reussi.php"
in SYSTEMPATH/Exceptions/FrameworkException.php on line 39.
 1 SYSTEMPATH/View/View.php(216): CodeIgniter\Exceptions\FrameworkException::forInvalidFile()
 2 SYSTEMPATH/Common.php(1178): CodeIgniter\View\View->render()
 3 APPPATH/Controllers/Candidature.php(71): view()
 4 SYSTEMPATH/CodeIgniter.php(941): App\Controllers\Candidature->supprimer_candidature()
 5 SYSTEMPATH/CodeIgniter.php(502): CodeIgniter\CodeIgniter->runController()
 6 SYSTEMPATH/CodeIgniter.php(361): CodeIgniter\CodeIgniter->handleRequest()
 7 FCPATH/index.php(79): CodeIgniter\CodeIgniter->run()
CRITICAL - 2024-11-25 16:35:29 --> CodeIgniter\View\Exceptions\ViewException: Invalid file: "candidature/suppression_reussi.php"
in SYSTEMPATH/Exceptions/FrameworkException.php on line 39.
 1 SYSTEMPATH/View/View.php(216): CodeIgniter\Exceptions\FrameworkException::forInvalidFile()
 2 SYSTEMPATH/Common.php(1178): CodeIgniter\View\View->render()
 3 APPPATH/Controllers/Candidature.php(71): view()
 4 SYSTEMPATH/CodeIgniter.php(941): App\Controllers\Candidature->supprimer_candidature()
 5 SYSTEMPATH/CodeIgniter.php(502): CodeIgniter\CodeIgniter->runController()
 6 SYSTEMPATH/CodeIgniter.php(361): CodeIgniter\CodeIgniter->handleRequest()
 7 FCPATH/index.php(79): CodeIgniter\CodeIgniter->run()
INFO - 2024-11-25 16:36:41 --> Session: Class initialized using 'CodeIgniter\Session\Handlers\FileHandler' driver.
