CRITICAL - 2024-10-25 07:05:10 --> CodeIgniter\View\Exceptions\ViewException: Invalid file: "affichage_accueil.php"
in SYSTEMPATH/Exceptions/FrameworkException.php on line 39.
 1 SYSTEMPATH/View/View.php(216): CodeIgniter\Exceptions\FrameworkException::forInvalidFile()
 2 SYSTEMPATH/Common.php(1178): CodeIgniter\View\View->render()
 3 APPPATH/Controllers/Accueil.php(10): view()
 4 SYSTEMPATH/CodeIgniter.php(941): App\Controllers\Accueil->afficher()
 5 SYSTEMPATH/CodeIgniter.php(502): CodeIgniter\CodeIgniter->runController()
 6 SYSTEMPATH/CodeIgniter.php(361): CodeIgniter\CodeIgniter->handleRequest()
 7 FCPATH/index.php(79): CodeIgniter\CodeIgniter->run()
CRITICAL - 2024-10-25 07:05:50 --> CodeIgniter\View\Exceptions\ViewException: Invalid file: "affichage_accueil.php"
in SYSTEMPATH/Exceptions/FrameworkException.php on line 39.
 1 SYSTEMPATH/View/View.php(216): CodeIgniter\Exceptions\FrameworkException::forInvalidFile()
 2 SYSTEMPATH/Common.php(1178): CodeIgniter\View\View->render()
 3 APPPATH/Controllers/Accueil.php(10): view()
 4 SYSTEMPATH/CodeIgniter.php(941): App\Controllers\Accueil->afficher()
 5 SYSTEMPATH/CodeIgniter.php(502): CodeIgniter\CodeIgniter->runController()
 6 SYSTEMPATH/CodeIgniter.php(361): CodeIgniter\CodeIgniter->handleRequest()
 7 FCPATH/index.php(79): CodeIgniter\CodeIgniter->run()
CRITICAL - 2024-10-25 07:06:03 --> CodeIgniter\View\Exceptions\ViewException: Invalid file: "affichage_accueil.php"
in SYSTEMPATH/Exceptions/FrameworkException.php on line 39.
 1 SYSTEMPATH/View/View.php(216): CodeIgniter\Exceptions\FrameworkException::forInvalidFile()
 2 SYSTEMPATH/Common.php(1178): CodeIgniter\View\View->render()
 3 APPPATH/Controllers/Accueil.php(10): view()
 4 SYSTEMPATH/CodeIgniter.php(941): App\Controllers\Accueil->afficher()
 5 SYSTEMPATH/CodeIgniter.php(502): CodeIgniter\CodeIgniter->runController()
 6 SYSTEMPATH/CodeIgniter.php(361): CodeIgniter\CodeIgniter->handleRequest()
 7 FCPATH/index.php(79): CodeIgniter\CodeIgniter->run()
CRITICAL - 2024-10-25 07:06:04 --> CodeIgniter\View\Exceptions\ViewException: Invalid file: "affichage_accueil.php"
in SYSTEMPATH/Exceptions/FrameworkException.php on line 39.
 1 SYSTEMPATH/View/View.php(216): CodeIgniter\Exceptions\FrameworkException::forInvalidFile()
 2 SYSTEMPATH/Common.php(1178): CodeIgniter\View\View->render()
 3 APPPATH/Controllers/Accueil.php(10): view()
 4 SYSTEMPATH/CodeIgniter.php(941): App\Controllers\Accueil->afficher()
 5 SYSTEMPATH/CodeIgniter.php(502): CodeIgniter\CodeIgniter->runController()
 6 SYSTEMPATH/CodeIgniter.php(361): CodeIgniter\CodeIgniter->handleRequest()
 7 FCPATH/index.php(79): CodeIgniter\CodeIgniter->run()
CRITICAL - 2024-10-25 07:06:23 --> CodeIgniter\View\Exceptions\ViewException: Invalid file: "affichage_accueil.php"
in SYSTEMPATH/Exceptions/FrameworkException.php on line 39.
 1 SYSTEMPATH/View/View.php(216): CodeIgniter\Exceptions\FrameworkException::forInvalidFile()
 2 SYSTEMPATH/Common.php(1178): CodeIgniter\View\View->render()
 3 APPPATH/Controllers/Accueil.php(10): view()
 4 SYSTEMPATH/CodeIgniter.php(941): App\Controllers\Accueil->afficher()
 5 SYSTEMPATH/CodeIgniter.php(502): CodeIgniter\CodeIgniter->runController()
 6 SYSTEMPATH/CodeIgniter.php(361): CodeIgniter\CodeIgniter->handleRequest()
 7 FCPATH/index.php(79): CodeIgniter\CodeIgniter->run()
CRITICAL - 2024-10-25 07:06:41 --> CodeIgniter\View\Exceptions\ViewException: Invalid file: "affichage_accueil.php"
in SYSTEMPATH/Exceptions/FrameworkException.php on line 39.
 1 SYSTEMPATH/View/View.php(216): CodeIgniter\Exceptions\FrameworkException::forInvalidFile()
 2 SYSTEMPATH/Common.php(1178): CodeIgniter\View\View->render()
 3 APPPATH/Controllers/Accueil.php(10): view()
 4 SYSTEMPATH/CodeIgniter.php(941): App\Controllers\Accueil->afficher()
 5 SYSTEMPATH/CodeIgniter.php(502): CodeIgniter\CodeIgniter->runController()
 6 SYSTEMPATH/CodeIgniter.php(361): CodeIgniter\CodeIgniter->handleRequest()
 7 FCPATH/index.php(79): CodeIgniter\CodeIgniter->run()
CRITICAL - 2024-10-25 07:09:49 --> ArgumentCountError: Too few arguments to function App\Controllers\Accueil::afficher(), 0 passed in /home/2024DIFAL3/e22100290/public_html/V1/ci/system/CodeIgniter.php on line 941 and exactly 1 expected
in APPPATH/Controllers/Accueil.php on line 7.
 1 SYSTEMPATH/CodeIgniter.php(941): App\Controllers\Accueil->afficher()
 2 SYSTEMPATH/CodeIgniter.php(502): CodeIgniter\CodeIgniter->runController()
 3 SYSTEMPATH/CodeIgniter.php(361): CodeIgniter\CodeIgniter->handleRequest()
 4 FCPATH/index.php(79): CodeIgniter\CodeIgniter->run()
CRITICAL - 2024-10-25 07:12:31 --> ArgumentCountError: Too few arguments to function App\Controllers\Accueil::afficher(), 0 passed in /home/2024DIFAL3/e22100290/public_html/V1/ci/system/CodeIgniter.php on line 941 and exactly 1 expected
in APPPATH/Controllers/Accueil.php on line 10.
 1 SYSTEMPATH/CodeIgniter.php(941): App\Controllers\Accueil->afficher()
 2 SYSTEMPATH/CodeIgniter.php(502): CodeIgniter\CodeIgniter->runController()
 3 SYSTEMPATH/CodeIgniter.php(361): CodeIgniter\CodeIgniter->handleRequest()
 4 FCPATH/index.php(79): CodeIgniter\CodeIgniter->run()
CRITICAL - 2024-10-25 07:14:36 --> ArgumentCountError: Too few arguments to function App\Controllers\Accueil::afficher(), 0 passed in /home/2024DIFAL3/e22100290/public_html/V1/ci/system/CodeIgniter.php on line 941 and exactly 1 expected
in APPPATH/Controllers/Accueil.php on line 10.
 1 SYSTEMPATH/CodeIgniter.php(941): App\Controllers\Accueil->afficher()
 2 SYSTEMPATH/CodeIgniter.php(502): CodeIgniter\CodeIgniter->runController()
 3 SYSTEMPATH/CodeIgniter.php(361): CodeIgniter\CodeIgniter->handleRequest()
 4 FCPATH/index.php(79): CodeIgniter\CodeIgniter->run()
