CRITICAL - 2024-11-04 13:38:24 --> ErrorException: Undefined array key "cpt_login"
in APPPATH/Views/affichage_comptes.php on line 9.
 1 APPPATH/Views/affichage_comptes.php(9): CodeIgniter\Debug\Exceptions->errorHandler()
 2 SYSTEMPATH/View/View.php(228): include('/home/2024DIFAL3/e22100290/public_html/V1/ci/app/Views/affichage_comptes.php')
 3 SYSTEMPATH/View/View.php(231): CodeIgniter\View\View->CodeIgniter\View\{closure}()
 4 SYSTEMPATH/Common.php(1178): CodeIgniter\View\View->render()
 5 APPPATH/Controllers/Compte.php(17): view()
 6 SYSTEMPATH/CodeIgniter.php(941): App\Controllers\Compte->lister()
 7 SYSTEMPATH/CodeIgniter.php(502): CodeIgniter\CodeIgniter->runController()
 8 SYSTEMPATH/CodeIgniter.php(361): CodeIgniter\CodeIgniter->handleRequest()
 9 FCPATH/index.php(79): CodeIgniter\CodeIgniter->run()
CRITICAL - 2024-11-04 13:50:36 --> ParseError: syntax error, unexpected token "public", expecting end of file
in APPPATH/Models/Db_model.php on line 19.
 1 SYSTEMPATH/Autoloader/Autoloader.php(288): CodeIgniter\Autoloader\Autoloader->includeFile()
 2 SYSTEMPATH/Autoloader/Autoloader.php(266): CodeIgniter\Autoloader\Autoloader->loadInNamespace()
 3 [internal function]: CodeIgniter\Autoloader\Autoloader->loadClass()
 4 SYSTEMPATH/Config/Factories.php(280): class_exists()
 5 SYSTEMPATH/Config/Factories.php(199): CodeIgniter\Config\Factories::locateClass()
 6 SYSTEMPATH/Config/Factories.php(158): CodeIgniter\Config\Factories::getDefinedInstance()
 7 SYSTEMPATH/Common.php(813): CodeIgniter\Config\Factories::__callStatic()
 8 APPPATH/Controllers/Actualite.php(13): model()
 9 SYSTEMPATH/CodeIgniter.php(941): App\Controllers\Actualite->afficher()
10 SYSTEMPATH/CodeIgniter.php(502): CodeIgniter\CodeIgniter->runController()
11 SYSTEMPATH/CodeIgniter.php(361): CodeIgniter\CodeIgniter->handleRequest()
12 FCPATH/index.php(79): CodeIgniter\CodeIgniter->run()
CRITICAL - 2024-11-04 13:53:12 --> ParseError: syntax error, unexpected token "public", expecting end of file
in APPPATH/Models/Db_model.php on line 19.
 1 SYSTEMPATH/Autoloader/Autoloader.php(288): CodeIgniter\Autoloader\Autoloader->includeFile()
 2 SYSTEMPATH/Autoloader/Autoloader.php(266): CodeIgniter\Autoloader\Autoloader->loadInNamespace()
 3 [internal function]: CodeIgniter\Autoloader\Autoloader->loadClass()
 4 SYSTEMPATH/Config/Factories.php(280): class_exists()
 5 SYSTEMPATH/Config/Factories.php(199): CodeIgniter\Config\Factories::locateClass()
 6 SYSTEMPATH/Config/Factories.php(158): CodeIgniter\Config\Factories::getDefinedInstance()
 7 SYSTEMPATH/Common.php(813): CodeIgniter\Config\Factories::__callStatic()
 8 APPPATH/Controllers/Actualite.php(13): model()
 9 SYSTEMPATH/CodeIgniter.php(941): App\Controllers\Actualite->afficher()
10 SYSTEMPATH/CodeIgniter.php(502): CodeIgniter\CodeIgniter->runController()
11 SYSTEMPATH/CodeIgniter.php(361): CodeIgniter\CodeIgniter->handleRequest()
12 FCPATH/index.php(79): CodeIgniter\CodeIgniter->run()
CRITICAL - 2024-11-04 13:53:16 --> ParseError: syntax error, unexpected token "public", expecting end of file
in APPPATH/Models/Db_model.php on line 19.
 1 SYSTEMPATH/Autoloader/Autoloader.php(288): CodeIgniter\Autoloader\Autoloader->includeFile()
 2 SYSTEMPATH/Autoloader/Autoloader.php(266): CodeIgniter\Autoloader\Autoloader->loadInNamespace()
 3 [internal function]: CodeIgniter\Autoloader\Autoloader->loadClass()
 4 SYSTEMPATH/Config/Factories.php(280): class_exists()
 5 SYSTEMPATH/Config/Factories.php(199): CodeIgniter\Config\Factories::locateClass()
 6 SYSTEMPATH/Config/Factories.php(158): CodeIgniter\Config\Factories::getDefinedInstance()
 7 SYSTEMPATH/Common.php(813): CodeIgniter\Config\Factories::__callStatic()
 8 APPPATH/Controllers/Actualite.php(13): model()
 9 SYSTEMPATH/CodeIgniter.php(941): App\Controllers\Actualite->afficher()
10 SYSTEMPATH/CodeIgniter.php(502): CodeIgniter\CodeIgniter->runController()
11 SYSTEMPATH/CodeIgniter.php(361): CodeIgniter\CodeIgniter->handleRequest()
12 FCPATH/index.php(79): CodeIgniter\CodeIgniter->run()
CRITICAL - 2024-11-04 13:53:19 --> ParseError: syntax error, unexpected token "public", expecting end of file
in APPPATH/Models/Db_model.php on line 19.
 1 SYSTEMPATH/Autoloader/Autoloader.php(288): CodeIgniter\Autoloader\Autoloader->includeFile()
 2 SYSTEMPATH/Autoloader/Autoloader.php(266): CodeIgniter\Autoloader\Autoloader->loadInNamespace()
 3 [internal function]: CodeIgniter\Autoloader\Autoloader->loadClass()
 4 SYSTEMPATH/Config/Factories.php(280): class_exists()
 5 SYSTEMPATH/Config/Factories.php(199): CodeIgniter\Config\Factories::locateClass()
 6 SYSTEMPATH/Config/Factories.php(158): CodeIgniter\Config\Factories::getDefinedInstance()
 7 SYSTEMPATH/Common.php(813): CodeIgniter\Config\Factories::__callStatic()
 8 APPPATH/Controllers/Actualite.php(13): model()
 9 SYSTEMPATH/CodeIgniter.php(941): App\Controllers\Actualite->afficher()
10 SYSTEMPATH/CodeIgniter.php(502): CodeIgniter\CodeIgniter->runController()
11 SYSTEMPATH/CodeIgniter.php(361): CodeIgniter\CodeIgniter->handleRequest()
12 FCPATH/index.php(79): CodeIgniter\CodeIgniter->run()
CRITICAL - 2024-11-04 13:53:20 --> ParseError: syntax error, unexpected token "public", expecting end of file
in APPPATH/Models/Db_model.php on line 19.
 1 SYSTEMPATH/Autoloader/Autoloader.php(288): CodeIgniter\Autoloader\Autoloader->includeFile()
 2 SYSTEMPATH/Autoloader/Autoloader.php(266): CodeIgniter\Autoloader\Autoloader->loadInNamespace()
 3 [internal function]: CodeIgniter\Autoloader\Autoloader->loadClass()
 4 SYSTEMPATH/Config/Factories.php(280): class_exists()
 5 SYSTEMPATH/Config/Factories.php(199): CodeIgniter\Config\Factories::locateClass()
 6 SYSTEMPATH/Config/Factories.php(158): CodeIgniter\Config\Factories::getDefinedInstance()
 7 SYSTEMPATH/Common.php(813): CodeIgniter\Config\Factories::__callStatic()
 8 APPPATH/Controllers/Actualite.php(13): model()
 9 SYSTEMPATH/CodeIgniter.php(941): App\Controllers\Actualite->afficher()
10 SYSTEMPATH/CodeIgniter.php(502): CodeIgniter\CodeIgniter->runController()
11 SYSTEMPATH/CodeIgniter.php(361): CodeIgniter\CodeIgniter->handleRequest()
12 FCPATH/index.php(79): CodeIgniter\CodeIgniter->run()
CRITICAL - 2024-11-04 13:53:22 --> ParseError: syntax error, unexpected token "public", expecting end of file
in APPPATH/Models/Db_model.php on line 19.
 1 SYSTEMPATH/Autoloader/Autoloader.php(288): CodeIgniter\Autoloader\Autoloader->includeFile()
 2 SYSTEMPATH/Autoloader/Autoloader.php(266): CodeIgniter\Autoloader\Autoloader->loadInNamespace()
 3 [internal function]: CodeIgniter\Autoloader\Autoloader->loadClass()
 4 SYSTEMPATH/Config/Factories.php(280): class_exists()
 5 SYSTEMPATH/Config/Factories.php(199): CodeIgniter\Config\Factories::locateClass()
 6 SYSTEMPATH/Config/Factories.php(158): CodeIgniter\Config\Factories::getDefinedInstance()
 7 SYSTEMPATH/Common.php(813): CodeIgniter\Config\Factories::__callStatic()
 8 APPPATH/Controllers/Actualite.php(13): model()
 9 SYSTEMPATH/CodeIgniter.php(941): App\Controllers\Actualite->afficher()
10 SYSTEMPATH/CodeIgniter.php(502): CodeIgniter\CodeIgniter->runController()
11 SYSTEMPATH/CodeIgniter.php(361): CodeIgniter\CodeIgniter->handleRequest()
12 FCPATH/index.php(79): CodeIgniter\CodeIgniter->run()
CRITICAL - 2024-11-04 13:54:43 --> ParseError: syntax error, unexpected token "public", expecting end of file
in APPPATH/Models/Db_model.php on line 19.
 1 SYSTEMPATH/Autoloader/Autoloader.php(288): CodeIgniter\Autoloader\Autoloader->includeFile()
 2 SYSTEMPATH/Autoloader/Autoloader.php(266): CodeIgniter\Autoloader\Autoloader->loadInNamespace()
 3 [internal function]: CodeIgniter\Autoloader\Autoloader->loadClass()
 4 SYSTEMPATH/Config/Factories.php(280): class_exists()
 5 SYSTEMPATH/Config/Factories.php(199): CodeIgniter\Config\Factories::locateClass()
 6 SYSTEMPATH/Config/Factories.php(158): CodeIgniter\Config\Factories::getDefinedInstance()
 7 SYSTEMPATH/Common.php(813): CodeIgniter\Config\Factories::__callStatic()
 8 APPPATH/Controllers/Actualite.php(13): model()
 9 SYSTEMPATH/CodeIgniter.php(941): App\Controllers\Actualite->afficher()
10 SYSTEMPATH/CodeIgniter.php(502): CodeIgniter\CodeIgniter->runController()
11 SYSTEMPATH/CodeIgniter.php(361): CodeIgniter\CodeIgniter->handleRequest()
12 FCPATH/index.php(79): CodeIgniter\CodeIgniter->run()
CRITICAL - 2024-11-04 13:54:45 --> ParseError: syntax error, unexpected token "public", expecting end of file
in APPPATH/Models/Db_model.php on line 19.
 1 SYSTEMPATH/Autoloader/Autoloader.php(288): CodeIgniter\Autoloader\Autoloader->includeFile()
 2 SYSTEMPATH/Autoloader/Autoloader.php(266): CodeIgniter\Autoloader\Autoloader->loadInNamespace()
 3 [internal function]: CodeIgniter\Autoloader\Autoloader->loadClass()
 4 SYSTEMPATH/Config/Factories.php(280): class_exists()
 5 SYSTEMPATH/Config/Factories.php(199): CodeIgniter\Config\Factories::locateClass()
 6 SYSTEMPATH/Config/Factories.php(158): CodeIgniter\Config\Factories::getDefinedInstance()
 7 SYSTEMPATH/Common.php(813): CodeIgniter\Config\Factories::__callStatic()
 8 APPPATH/Controllers/Actualite.php(13): model()
 9 SYSTEMPATH/CodeIgniter.php(941): App\Controllers\Actualite->afficher()
10 SYSTEMPATH/CodeIgniter.php(502): CodeIgniter\CodeIgniter->runController()
11 SYSTEMPATH/CodeIgniter.php(361): CodeIgniter\CodeIgniter->handleRequest()
12 FCPATH/index.php(79): CodeIgniter\CodeIgniter->run()
CRITICAL - 2024-11-04 13:54:45 --> ParseError: syntax error, unexpected token "public", expecting end of file
in APPPATH/Models/Db_model.php on line 19.
 1 SYSTEMPATH/Autoloader/Autoloader.php(288): CodeIgniter\Autoloader\Autoloader->includeFile()
 2 SYSTEMPATH/Autoloader/Autoloader.php(266): CodeIgniter\Autoloader\Autoloader->loadInNamespace()
 3 [internal function]: CodeIgniter\Autoloader\Autoloader->loadClass()
 4 SYSTEMPATH/Config/Factories.php(280): class_exists()
 5 SYSTEMPATH/Config/Factories.php(199): CodeIgniter\Config\Factories::locateClass()
 6 SYSTEMPATH/Config/Factories.php(158): CodeIgniter\Config\Factories::getDefinedInstance()
 7 SYSTEMPATH/Common.php(813): CodeIgniter\Config\Factories::__callStatic()
 8 APPPATH/Controllers/Actualite.php(13): model()
 9 SYSTEMPATH/CodeIgniter.php(941): App\Controllers\Actualite->afficher()
10 SYSTEMPATH/CodeIgniter.php(502): CodeIgniter\CodeIgniter->runController()
11 SYSTEMPATH/CodeIgniter.php(361): CodeIgniter\CodeIgniter->handleRequest()
12 FCPATH/index.php(79): CodeIgniter\CodeIgniter->run()
CRITICAL - 2024-11-04 13:54:47 --> ParseError: syntax error, unexpected token "public", expecting end of file
in APPPATH/Models/Db_model.php on line 19.
 1 SYSTEMPATH/Autoloader/Autoloader.php(288): CodeIgniter\Autoloader\Autoloader->includeFile()
 2 SYSTEMPATH/Autoloader/Autoloader.php(266): CodeIgniter\Autoloader\Autoloader->loadInNamespace()
 3 [internal function]: CodeIgniter\Autoloader\Autoloader->loadClass()
 4 SYSTEMPATH/Config/Factories.php(280): class_exists()
 5 SYSTEMPATH/Config/Factories.php(199): CodeIgniter\Config\Factories::locateClass()
 6 SYSTEMPATH/Config/Factories.php(158): CodeIgniter\Config\Factories::getDefinedInstance()
 7 SYSTEMPATH/Common.php(813): CodeIgniter\Config\Factories::__callStatic()
 8 APPPATH/Controllers/Actualite.php(13): model()
 9 SYSTEMPATH/CodeIgniter.php(941): App\Controllers\Actualite->afficher()
10 SYSTEMPATH/CodeIgniter.php(502): CodeIgniter\CodeIgniter->runController()
11 SYSTEMPATH/CodeIgniter.php(361): CodeIgniter\CodeIgniter->handleRequest()
12 FCPATH/index.php(79): CodeIgniter\CodeIgniter->run()
CRITICAL - 2024-11-04 13:56:53 --> ParseError: syntax error, unexpected token "public", expecting end of file
in APPPATH/Models/Db_model.php on line 19.
 1 SYSTEMPATH/Autoloader/Autoloader.php(288): CodeIgniter\Autoloader\Autoloader->includeFile()
 2 SYSTEMPATH/Autoloader/Autoloader.php(266): CodeIgniter\Autoloader\Autoloader->loadInNamespace()
 3 [internal function]: CodeIgniter\Autoloader\Autoloader->loadClass()
 4 SYSTEMPATH/Config/Factories.php(280): class_exists()
 5 SYSTEMPATH/Config/Factories.php(199): CodeIgniter\Config\Factories::locateClass()
 6 SYSTEMPATH/Config/Factories.php(158): CodeIgniter\Config\Factories::getDefinedInstance()
 7 SYSTEMPATH/Common.php(813): CodeIgniter\Config\Factories::__callStatic()
 8 APPPATH/Controllers/Actualite.php(13): model()
 9 SYSTEMPATH/CodeIgniter.php(941): App\Controllers\Actualite->afficher()
10 SYSTEMPATH/CodeIgniter.php(502): CodeIgniter\CodeIgniter->runController()
11 SYSTEMPATH/CodeIgniter.php(361): CodeIgniter\CodeIgniter->handleRequest()
12 FCPATH/index.php(79): CodeIgniter\CodeIgniter->run()
CRITICAL - 2024-11-04 13:56:54 --> ParseError: syntax error, unexpected token "public", expecting end of file
in APPPATH/Models/Db_model.php on line 19.
 1 SYSTEMPATH/Autoloader/Autoloader.php(288): CodeIgniter\Autoloader\Autoloader->includeFile()
 2 SYSTEMPATH/Autoloader/Autoloader.php(266): CodeIgniter\Autoloader\Autoloader->loadInNamespace()
 3 [internal function]: CodeIgniter\Autoloader\Autoloader->loadClass()
 4 SYSTEMPATH/Config/Factories.php(280): class_exists()
 5 SYSTEMPATH/Config/Factories.php(199): CodeIgniter\Config\Factories::locateClass()
 6 SYSTEMPATH/Config/Factories.php(158): CodeIgniter\Config\Factories::getDefinedInstance()
 7 SYSTEMPATH/Common.php(813): CodeIgniter\Config\Factories::__callStatic()
 8 APPPATH/Controllers/Actualite.php(13): model()
 9 SYSTEMPATH/CodeIgniter.php(941): App\Controllers\Actualite->afficher()
10 SYSTEMPATH/CodeIgniter.php(502): CodeIgniter\CodeIgniter->runController()
11 SYSTEMPATH/CodeIgniter.php(361): CodeIgniter\CodeIgniter->handleRequest()
12 FCPATH/index.php(79): CodeIgniter\CodeIgniter->run()
CRITICAL - 2024-11-04 13:56:54 --> ParseError: syntax error, unexpected token "public", expecting end of file
in APPPATH/Models/Db_model.php on line 19.
 1 SYSTEMPATH/Autoloader/Autoloader.php(288): CodeIgniter\Autoloader\Autoloader->includeFile()
 2 SYSTEMPATH/Autoloader/Autoloader.php(266): CodeIgniter\Autoloader\Autoloader->loadInNamespace()
 3 [internal function]: CodeIgniter\Autoloader\Autoloader->loadClass()
 4 SYSTEMPATH/Config/Factories.php(280): class_exists()
 5 SYSTEMPATH/Config/Factories.php(199): CodeIgniter\Config\Factories::locateClass()
 6 SYSTEMPATH/Config/Factories.php(158): CodeIgniter\Config\Factories::getDefinedInstance()
 7 SYSTEMPATH/Common.php(813): CodeIgniter\Config\Factories::__callStatic()
 8 APPPATH/Controllers/Actualite.php(13): model()
 9 SYSTEMPATH/CodeIgniter.php(941): App\Controllers\Actualite->afficher()
10 SYSTEMPATH/CodeIgniter.php(502): CodeIgniter\CodeIgniter->runController()
11 SYSTEMPATH/CodeIgniter.php(361): CodeIgniter\CodeIgniter->handleRequest()
12 FCPATH/index.php(79): CodeIgniter\CodeIgniter->run()
CRITICAL - 2024-11-04 13:58:49 --> ParseError: syntax error, unexpected token "public", expecting end of file
in APPPATH/Models/Db_model.php on line 19.
 1 SYSTEMPATH/Autoloader/Autoloader.php(288): CodeIgniter\Autoloader\Autoloader->includeFile()
 2 SYSTEMPATH/Autoloader/Autoloader.php(266): CodeIgniter\Autoloader\Autoloader->loadInNamespace()
 3 [internal function]: CodeIgniter\Autoloader\Autoloader->loadClass()
 4 SYSTEMPATH/Config/Factories.php(280): class_exists()
 5 SYSTEMPATH/Config/Factories.php(199): CodeIgniter\Config\Factories::locateClass()
 6 SYSTEMPATH/Config/Factories.php(158): CodeIgniter\Config\Factories::getDefinedInstance()
 7 SYSTEMPATH/Common.php(813): CodeIgniter\Config\Factories::__callStatic()
 8 APPPATH/Controllers/Actualite.php(13): model()
 9 SYSTEMPATH/CodeIgniter.php(941): App\Controllers\Actualite->afficher()
10 SYSTEMPATH/CodeIgniter.php(502): CodeIgniter\CodeIgniter->runController()
11 SYSTEMPATH/CodeIgniter.php(361): CodeIgniter\CodeIgniter->handleRequest()
12 FCPATH/index.php(79): CodeIgniter\CodeIgniter->run()
CRITICAL - 2024-11-04 13:58:56 --> ParseError: syntax error, unexpected token "public", expecting end of file
in APPPATH/Models/Db_model.php on line 19.
 1 SYSTEMPATH/Autoloader/Autoloader.php(288): CodeIgniter\Autoloader\Autoloader->includeFile()
 2 SYSTEMPATH/Autoloader/Autoloader.php(266): CodeIgniter\Autoloader\Autoloader->loadInNamespace()
 3 [internal function]: CodeIgniter\Autoloader\Autoloader->loadClass()
 4 SYSTEMPATH/Config/Factories.php(280): class_exists()
 5 SYSTEMPATH/Config/Factories.php(199): CodeIgniter\Config\Factories::locateClass()
 6 SYSTEMPATH/Config/Factories.php(158): CodeIgniter\Config\Factories::getDefinedInstance()
 7 SYSTEMPATH/Common.php(813): CodeIgniter\Config\Factories::__callStatic()
 8 APPPATH/Controllers/Actualite.php(13): model()
 9 SYSTEMPATH/CodeIgniter.php(941): App\Controllers\Actualite->afficher()
10 SYSTEMPATH/CodeIgniter.php(502): CodeIgniter\CodeIgniter->runController()
11 SYSTEMPATH/CodeIgniter.php(361): CodeIgniter\CodeIgniter->handleRequest()
12 FCPATH/index.php(79): CodeIgniter\CodeIgniter->run()
CRITICAL - 2024-11-04 13:59:10 --> ParseError: syntax error, unexpected token "public", expecting end of file
in APPPATH/Models/Db_model.php on line 19.
 1 SYSTEMPATH/Autoloader/Autoloader.php(288): CodeIgniter\Autoloader\Autoloader->includeFile()
 2 SYSTEMPATH/Autoloader/Autoloader.php(266): CodeIgniter\Autoloader\Autoloader->loadInNamespace()
 3 [internal function]: CodeIgniter\Autoloader\Autoloader->loadClass()
 4 SYSTEMPATH/Config/Factories.php(280): class_exists()
 5 SYSTEMPATH/Config/Factories.php(199): CodeIgniter\Config\Factories::locateClass()
 6 SYSTEMPATH/Config/Factories.php(158): CodeIgniter\Config\Factories::getDefinedInstance()
 7 SYSTEMPATH/Common.php(813): CodeIgniter\Config\Factories::__callStatic()
 8 APPPATH/Controllers/Actualite.php(13): model()
 9 SYSTEMPATH/CodeIgniter.php(941): App\Controllers\Actualite->afficher()
10 SYSTEMPATH/CodeIgniter.php(502): CodeIgniter\CodeIgniter->runController()
11 SYSTEMPATH/CodeIgniter.php(361): CodeIgniter\CodeIgniter->handleRequest()
12 FCPATH/index.php(79): CodeIgniter\CodeIgniter->run()
CRITICAL - 2024-11-04 13:59:14 --> ParseError: syntax error, unexpected token "public", expecting end of file
in APPPATH/Models/Db_model.php on line 19.
 1 SYSTEMPATH/Autoloader/Autoloader.php(288): CodeIgniter\Autoloader\Autoloader->includeFile()
 2 SYSTEMPATH/Autoloader/Autoloader.php(266): CodeIgniter\Autoloader\Autoloader->loadInNamespace()
 3 [internal function]: CodeIgniter\Autoloader\Autoloader->loadClass()
 4 SYSTEMPATH/Config/Factories.php(280): class_exists()
 5 SYSTEMPATH/Config/Factories.php(199): CodeIgniter\Config\Factories::locateClass()
 6 SYSTEMPATH/Config/Factories.php(158): CodeIgniter\Config\Factories::getDefinedInstance()
 7 SYSTEMPATH/Common.php(813): CodeIgniter\Config\Factories::__callStatic()
 8 APPPATH/Controllers/Actualite.php(13): model()
 9 SYSTEMPATH/CodeIgniter.php(941): App\Controllers\Actualite->afficher()
10 SYSTEMPATH/CodeIgniter.php(502): CodeIgniter\CodeIgniter->runController()
11 SYSTEMPATH/CodeIgniter.php(361): CodeIgniter\CodeIgniter->handleRequest()
12 FCPATH/index.php(79): CodeIgniter\CodeIgniter->run()
CRITICAL - 2024-11-04 13:59:18 --> ParseError: syntax error, unexpected token "public", expecting end of file
in APPPATH/Models/Db_model.php on line 19.
 1 SYSTEMPATH/Autoloader/Autoloader.php(288): CodeIgniter\Autoloader\Autoloader->includeFile()
 2 SYSTEMPATH/Autoloader/Autoloader.php(266): CodeIgniter\Autoloader\Autoloader->loadInNamespace()
 3 [internal function]: CodeIgniter\Autoloader\Autoloader->loadClass()
 4 SYSTEMPATH/Config/Factories.php(280): class_exists()
 5 SYSTEMPATH/Config/Factories.php(199): CodeIgniter\Config\Factories::locateClass()
 6 SYSTEMPATH/Config/Factories.php(158): CodeIgniter\Config\Factories::getDefinedInstance()
 7 SYSTEMPATH/Common.php(813): CodeIgniter\Config\Factories::__callStatic()
 8 APPPATH/Controllers/Actualite.php(13): model()
 9 SYSTEMPATH/CodeIgniter.php(941): App\Controllers\Actualite->afficher()
10 SYSTEMPATH/CodeIgniter.php(502): CodeIgniter\CodeIgniter->runController()
11 SYSTEMPATH/CodeIgniter.php(361): CodeIgniter\CodeIgniter->handleRequest()
12 FCPATH/index.php(79): CodeIgniter\CodeIgniter->run()
CRITICAL - 2024-11-04 13:59:19 --> ParseError: syntax error, unexpected token "public", expecting end of file
in APPPATH/Models/Db_model.php on line 19.
 1 SYSTEMPATH/Autoloader/Autoloader.php(288): CodeIgniter\Autoloader\Autoloader->includeFile()
 2 SYSTEMPATH/Autoloader/Autoloader.php(266): CodeIgniter\Autoloader\Autoloader->loadInNamespace()
 3 [internal function]: CodeIgniter\Autoloader\Autoloader->loadClass()
 4 SYSTEMPATH/Config/Factories.php(280): class_exists()
 5 SYSTEMPATH/Config/Factories.php(199): CodeIgniter\Config\Factories::locateClass()
 6 SYSTEMPATH/Config/Factories.php(158): CodeIgniter\Config\Factories::getDefinedInstance()
 7 SYSTEMPATH/Common.php(813): CodeIgniter\Config\Factories::__callStatic()
 8 APPPATH/Controllers/Actualite.php(13): model()
 9 SYSTEMPATH/CodeIgniter.php(941): App\Controllers\Actualite->afficher()
10 SYSTEMPATH/CodeIgniter.php(502): CodeIgniter\CodeIgniter->runController()
11 SYSTEMPATH/CodeIgniter.php(361): CodeIgniter\CodeIgniter->handleRequest()
12 FCPATH/index.php(79): CodeIgniter\CodeIgniter->run()
CRITICAL - 2024-11-04 13:59:19 --> ParseError: syntax error, unexpected token "public", expecting end of file
in APPPATH/Models/Db_model.php on line 19.
 1 SYSTEMPATH/Autoloader/Autoloader.php(288): CodeIgniter\Autoloader\Autoloader->includeFile()
 2 SYSTEMPATH/Autoloader/Autoloader.php(266): CodeIgniter\Autoloader\Autoloader->loadInNamespace()
 3 [internal function]: CodeIgniter\Autoloader\Autoloader->loadClass()
 4 SYSTEMPATH/Config/Factories.php(280): class_exists()
 5 SYSTEMPATH/Config/Factories.php(199): CodeIgniter\Config\Factories::locateClass()
 6 SYSTEMPATH/Config/Factories.php(158): CodeIgniter\Config\Factories::getDefinedInstance()
 7 SYSTEMPATH/Common.php(813): CodeIgniter\Config\Factories::__callStatic()
 8 APPPATH/Controllers/Actualite.php(13): model()
 9 SYSTEMPATH/CodeIgniter.php(941): App\Controllers\Actualite->afficher()
10 SYSTEMPATH/CodeIgniter.php(502): CodeIgniter\CodeIgniter->runController()
11 SYSTEMPATH/CodeIgniter.php(361): CodeIgniter\CodeIgniter->handleRequest()
12 FCPATH/index.php(79): CodeIgniter\CodeIgniter->run()
CRITICAL - 2024-11-04 13:59:19 --> ParseError: syntax error, unexpected token "public", expecting end of file
in APPPATH/Models/Db_model.php on line 19.
 1 SYSTEMPATH/Autoloader/Autoloader.php(288): CodeIgniter\Autoloader\Autoloader->includeFile()
 2 SYSTEMPATH/Autoloader/Autoloader.php(266): CodeIgniter\Autoloader\Autoloader->loadInNamespace()
 3 [internal function]: CodeIgniter\Autoloader\Autoloader->loadClass()
 4 SYSTEMPATH/Config/Factories.php(280): class_exists()
 5 SYSTEMPATH/Config/Factories.php(199): CodeIgniter\Config\Factories::locateClass()
 6 SYSTEMPATH/Config/Factories.php(158): CodeIgniter\Config\Factories::getDefinedInstance()
 7 SYSTEMPATH/Common.php(813): CodeIgniter\Config\Factories::__callStatic()
 8 APPPATH/Controllers/Actualite.php(13): model()
 9 SYSTEMPATH/CodeIgniter.php(941): App\Controllers\Actualite->afficher()
10 SYSTEMPATH/CodeIgniter.php(502): CodeIgniter\CodeIgniter->runController()
11 SYSTEMPATH/CodeIgniter.php(361): CodeIgniter\CodeIgniter->handleRequest()
12 FCPATH/index.php(79): CodeIgniter\CodeIgniter->run()
CRITICAL - 2024-11-04 13:59:20 --> ParseError: syntax error, unexpected token "public", expecting end of file
in APPPATH/Models/Db_model.php on line 19.
 1 SYSTEMPATH/Autoloader/Autoloader.php(288): CodeIgniter\Autoloader\Autoloader->includeFile()
 2 SYSTEMPATH/Autoloader/Autoloader.php(266): CodeIgniter\Autoloader\Autoloader->loadInNamespace()
 3 [internal function]: CodeIgniter\Autoloader\Autoloader->loadClass()
 4 SYSTEMPATH/Config/Factories.php(280): class_exists()
 5 SYSTEMPATH/Config/Factories.php(199): CodeIgniter\Config\Factories::locateClass()
 6 SYSTEMPATH/Config/Factories.php(158): CodeIgniter\Config\Factories::getDefinedInstance()
 7 SYSTEMPATH/Common.php(813): CodeIgniter\Config\Factories::__callStatic()
 8 APPPATH/Controllers/Actualite.php(13): model()
 9 SYSTEMPATH/CodeIgniter.php(941): App\Controllers\Actualite->afficher()
10 SYSTEMPATH/CodeIgniter.php(502): CodeIgniter\CodeIgniter->runController()
11 SYSTEMPATH/CodeIgniter.php(361): CodeIgniter\CodeIgniter->handleRequest()
12 FCPATH/index.php(79): CodeIgniter\CodeIgniter->run()
CRITICAL - 2024-11-04 13:59:20 --> ParseError: syntax error, unexpected token "public", expecting end of file
in APPPATH/Models/Db_model.php on line 19.
 1 SYSTEMPATH/Autoloader/Autoloader.php(288): CodeIgniter\Autoloader\Autoloader->includeFile()
 2 SYSTEMPATH/Autoloader/Autoloader.php(266): CodeIgniter\Autoloader\Autoloader->loadInNamespace()
 3 [internal function]: CodeIgniter\Autoloader\Autoloader->loadClass()
 4 SYSTEMPATH/Config/Factories.php(280): class_exists()
 5 SYSTEMPATH/Config/Factories.php(199): CodeIgniter\Config\Factories::locateClass()
 6 SYSTEMPATH/Config/Factories.php(158): CodeIgniter\Config\Factories::getDefinedInstance()
 7 SYSTEMPATH/Common.php(813): CodeIgniter\Config\Factories::__callStatic()
 8 APPPATH/Controllers/Actualite.php(13): model()
 9 SYSTEMPATH/CodeIgniter.php(941): App\Controllers\Actualite->afficher()
10 SYSTEMPATH/CodeIgniter.php(502): CodeIgniter\CodeIgniter->runController()
11 SYSTEMPATH/CodeIgniter.php(361): CodeIgniter\CodeIgniter->handleRequest()
12 FCPATH/index.php(79): CodeIgniter\CodeIgniter->run()
CRITICAL - 2024-11-04 13:59:34 --> ParseError: syntax error, unexpected token "public", expecting end of file
in APPPATH/Models/Db_model.php on line 19.
 1 SYSTEMPATH/Autoloader/Autoloader.php(288): CodeIgniter\Autoloader\Autoloader->includeFile()
 2 SYSTEMPATH/Autoloader/Autoloader.php(266): CodeIgniter\Autoloader\Autoloader->loadInNamespace()
 3 [internal function]: CodeIgniter\Autoloader\Autoloader->loadClass()
 4 SYSTEMPATH/Config/Factories.php(280): class_exists()
 5 SYSTEMPATH/Config/Factories.php(199): CodeIgniter\Config\Factories::locateClass()
 6 SYSTEMPATH/Config/Factories.php(158): CodeIgniter\Config\Factories::getDefinedInstance()
 7 SYSTEMPATH/Common.php(813): CodeIgniter\Config\Factories::__callStatic()
 8 APPPATH/Controllers/Actualite.php(13): model()
 9 SYSTEMPATH/CodeIgniter.php(941): App\Controllers\Actualite->afficher()
10 SYSTEMPATH/CodeIgniter.php(502): CodeIgniter\CodeIgniter->runController()
11 SYSTEMPATH/CodeIgniter.php(361): CodeIgniter\CodeIgniter->handleRequest()
12 FCPATH/index.php(79): CodeIgniter\CodeIgniter->run()
CRITICAL - 2024-11-04 13:59:34 --> ParseError: syntax error, unexpected token "public", expecting end of file
in APPPATH/Models/Db_model.php on line 19.
 1 SYSTEMPATH/Autoloader/Autoloader.php(288): CodeIgniter\Autoloader\Autoloader->includeFile()
 2 SYSTEMPATH/Autoloader/Autoloader.php(266): CodeIgniter\Autoloader\Autoloader->loadInNamespace()
 3 [internal function]: CodeIgniter\Autoloader\Autoloader->loadClass()
 4 SYSTEMPATH/Config/Factories.php(280): class_exists()
 5 SYSTEMPATH/Config/Factories.php(199): CodeIgniter\Config\Factories::locateClass()
 6 SYSTEMPATH/Config/Factories.php(158): CodeIgniter\Config\Factories::getDefinedInstance()
 7 SYSTEMPATH/Common.php(813): CodeIgniter\Config\Factories::__callStatic()
 8 APPPATH/Controllers/Actualite.php(13): model()
 9 SYSTEMPATH/CodeIgniter.php(941): App\Controllers\Actualite->afficher()
10 SYSTEMPATH/CodeIgniter.php(502): CodeIgniter\CodeIgniter->runController()
11 SYSTEMPATH/CodeIgniter.php(361): CodeIgniter\CodeIgniter->handleRequest()
12 FCPATH/index.php(79): CodeIgniter\CodeIgniter->run()
CRITICAL - 2024-11-04 13:59:35 --> ParseError: syntax error, unexpected token "public", expecting end of file
in APPPATH/Models/Db_model.php on line 19.
 1 SYSTEMPATH/Autoloader/Autoloader.php(288): CodeIgniter\Autoloader\Autoloader->includeFile()
 2 SYSTEMPATH/Autoloader/Autoloader.php(266): CodeIgniter\Autoloader\Autoloader->loadInNamespace()
 3 [internal function]: CodeIgniter\Autoloader\Autoloader->loadClass()
 4 SYSTEMPATH/Config/Factories.php(280): class_exists()
 5 SYSTEMPATH/Config/Factories.php(199): CodeIgniter\Config\Factories::locateClass()
 6 SYSTEMPATH/Config/Factories.php(158): CodeIgniter\Config\Factories::getDefinedInstance()
 7 SYSTEMPATH/Common.php(813): CodeIgniter\Config\Factories::__callStatic()
 8 APPPATH/Controllers/Actualite.php(13): model()
 9 SYSTEMPATH/CodeIgniter.php(941): App\Controllers\Actualite->afficher()
10 SYSTEMPATH/CodeIgniter.php(502): CodeIgniter\CodeIgniter->runController()
11 SYSTEMPATH/CodeIgniter.php(361): CodeIgniter\CodeIgniter->handleRequest()
12 FCPATH/index.php(79): CodeIgniter\CodeIgniter->run()
CRITICAL - 2024-11-04 13:59:35 --> ParseError: syntax error, unexpected token "public", expecting end of file
in APPPATH/Models/Db_model.php on line 19.
 1 SYSTEMPATH/Autoloader/Autoloader.php(288): CodeIgniter\Autoloader\Autoloader->includeFile()
 2 SYSTEMPATH/Autoloader/Autoloader.php(266): CodeIgniter\Autoloader\Autoloader->loadInNamespace()
 3 [internal function]: CodeIgniter\Autoloader\Autoloader->loadClass()
 4 SYSTEMPATH/Config/Factories.php(280): class_exists()
 5 SYSTEMPATH/Config/Factories.php(199): CodeIgniter\Config\Factories::locateClass()
 6 SYSTEMPATH/Config/Factories.php(158): CodeIgniter\Config\Factories::getDefinedInstance()
 7 SYSTEMPATH/Common.php(813): CodeIgniter\Config\Factories::__callStatic()
 8 APPPATH/Controllers/Actualite.php(13): model()
 9 SYSTEMPATH/CodeIgniter.php(941): App\Controllers\Actualite->afficher()
10 SYSTEMPATH/CodeIgniter.php(502): CodeIgniter\CodeIgniter->runController()
11 SYSTEMPATH/CodeIgniter.php(361): CodeIgniter\CodeIgniter->handleRequest()
12 FCPATH/index.php(79): CodeIgniter\CodeIgniter->run()
CRITICAL - 2024-11-04 13:59:35 --> ParseError: syntax error, unexpected token "public", expecting end of file
in APPPATH/Models/Db_model.php on line 19.
 1 SYSTEMPATH/Autoloader/Autoloader.php(288): CodeIgniter\Autoloader\Autoloader->includeFile()
 2 SYSTEMPATH/Autoloader/Autoloader.php(266): CodeIgniter\Autoloader\Autoloader->loadInNamespace()
 3 [internal function]: CodeIgniter\Autoloader\Autoloader->loadClass()
 4 SYSTEMPATH/Config/Factories.php(280): class_exists()
 5 SYSTEMPATH/Config/Factories.php(199): CodeIgniter\Config\Factories::locateClass()
 6 SYSTEMPATH/Config/Factories.php(158): CodeIgniter\Config\Factories::getDefinedInstance()
 7 SYSTEMPATH/Common.php(813): CodeIgniter\Config\Factories::__callStatic()
 8 APPPATH/Controllers/Actualite.php(13): model()
 9 SYSTEMPATH/CodeIgniter.php(941): App\Controllers\Actualite->afficher()
10 SYSTEMPATH/CodeIgniter.php(502): CodeIgniter\CodeIgniter->runController()
11 SYSTEMPATH/CodeIgniter.php(361): CodeIgniter\CodeIgniter->handleRequest()
12 FCPATH/index.php(79): CodeIgniter\CodeIgniter->run()
CRITICAL - 2024-11-04 13:59:35 --> ParseError: syntax error, unexpected token "public", expecting end of file
in APPPATH/Models/Db_model.php on line 19.
 1 SYSTEMPATH/Autoloader/Autoloader.php(288): CodeIgniter\Autoloader\Autoloader->includeFile()
 2 SYSTEMPATH/Autoloader/Autoloader.php(266): CodeIgniter\Autoloader\Autoloader->loadInNamespace()
 3 [internal function]: CodeIgniter\Autoloader\Autoloader->loadClass()
 4 SYSTEMPATH/Config/Factories.php(280): class_exists()
 5 SYSTEMPATH/Config/Factories.php(199): CodeIgniter\Config\Factories::locateClass()
 6 SYSTEMPATH/Config/Factories.php(158): CodeIgniter\Config\Factories::getDefinedInstance()
 7 SYSTEMPATH/Common.php(813): CodeIgniter\Config\Factories::__callStatic()
 8 APPPATH/Controllers/Actualite.php(13): model()
 9 SYSTEMPATH/CodeIgniter.php(941): App\Controllers\Actualite->afficher()
10 SYSTEMPATH/CodeIgniter.php(502): CodeIgniter\CodeIgniter->runController()
11 SYSTEMPATH/CodeIgniter.php(361): CodeIgniter\CodeIgniter->handleRequest()
12 FCPATH/index.php(79): CodeIgniter\CodeIgniter->run()
CRITICAL - 2024-11-04 13:59:36 --> ParseError: syntax error, unexpected token "public", expecting end of file
in APPPATH/Models/Db_model.php on line 19.
 1 SYSTEMPATH/Autoloader/Autoloader.php(288): CodeIgniter\Autoloader\Autoloader->includeFile()
 2 SYSTEMPATH/Autoloader/Autoloader.php(266): CodeIgniter\Autoloader\Autoloader->loadInNamespace()
 3 [internal function]: CodeIgniter\Autoloader\Autoloader->loadClass()
 4 SYSTEMPATH/Config/Factories.php(280): class_exists()
 5 SYSTEMPATH/Config/Factories.php(199): CodeIgniter\Config\Factories::locateClass()
 6 SYSTEMPATH/Config/Factories.php(158): CodeIgniter\Config\Factories::getDefinedInstance()
 7 SYSTEMPATH/Common.php(813): CodeIgniter\Config\Factories::__callStatic()
 8 APPPATH/Controllers/Actualite.php(13): model()
 9 SYSTEMPATH/CodeIgniter.php(941): App\Controllers\Actualite->afficher()
10 SYSTEMPATH/CodeIgniter.php(502): CodeIgniter\CodeIgniter->runController()
11 SYSTEMPATH/CodeIgniter.php(361): CodeIgniter\CodeIgniter->handleRequest()
12 FCPATH/index.php(79): CodeIgniter\CodeIgniter->run()
CRITICAL - 2024-11-04 13:59:36 --> ParseError: syntax error, unexpected token "public", expecting end of file
in APPPATH/Models/Db_model.php on line 19.
 1 SYSTEMPATH/Autoloader/Autoloader.php(288): CodeIgniter\Autoloader\Autoloader->includeFile()
 2 SYSTEMPATH/Autoloader/Autoloader.php(266): CodeIgniter\Autoloader\Autoloader->loadInNamespace()
 3 [internal function]: CodeIgniter\Autoloader\Autoloader->loadClass()
 4 SYSTEMPATH/Config/Factories.php(280): class_exists()
 5 SYSTEMPATH/Config/Factories.php(199): CodeIgniter\Config\Factories::locateClass()
 6 SYSTEMPATH/Config/Factories.php(158): CodeIgniter\Config\Factories::getDefinedInstance()
 7 SYSTEMPATH/Common.php(813): CodeIgniter\Config\Factories::__callStatic()
 8 APPPATH/Controllers/Actualite.php(13): model()
 9 SYSTEMPATH/CodeIgniter.php(941): App\Controllers\Actualite->afficher()
10 SYSTEMPATH/CodeIgniter.php(502): CodeIgniter\CodeIgniter->runController()
11 SYSTEMPATH/CodeIgniter.php(361): CodeIgniter\CodeIgniter->handleRequest()
12 FCPATH/index.php(79): CodeIgniter\CodeIgniter->run()
CRITICAL - 2024-11-04 13:59:36 --> ParseError: syntax error, unexpected token "public", expecting end of file
in APPPATH/Models/Db_model.php on line 19.
 1 SYSTEMPATH/Autoloader/Autoloader.php(288): CodeIgniter\Autoloader\Autoloader->includeFile()
 2 SYSTEMPATH/Autoloader/Autoloader.php(266): CodeIgniter\Autoloader\Autoloader->loadInNamespace()
 3 [internal function]: CodeIgniter\Autoloader\Autoloader->loadClass()
 4 SYSTEMPATH/Config/Factories.php(280): class_exists()
 5 SYSTEMPATH/Config/Factories.php(199): CodeIgniter\Config\Factories::locateClass()
 6 SYSTEMPATH/Config/Factories.php(158): CodeIgniter\Config\Factories::getDefinedInstance()
 7 SYSTEMPATH/Common.php(813): CodeIgniter\Config\Factories::__callStatic()
 8 APPPATH/Controllers/Actualite.php(13): model()
 9 SYSTEMPATH/CodeIgniter.php(941): App\Controllers\Actualite->afficher()
10 SYSTEMPATH/CodeIgniter.php(502): CodeIgniter\CodeIgniter->runController()
11 SYSTEMPATH/CodeIgniter.php(361): CodeIgniter\CodeIgniter->handleRequest()
12 FCPATH/index.php(79): CodeIgniter\CodeIgniter->run()
CRITICAL - 2024-11-04 13:59:37 --> ParseError: syntax error, unexpected token "public", expecting end of file
in APPPATH/Models/Db_model.php on line 19.
 1 SYSTEMPATH/Autoloader/Autoloader.php(288): CodeIgniter\Autoloader\Autoloader->includeFile()
 2 SYSTEMPATH/Autoloader/Autoloader.php(266): CodeIgniter\Autoloader\Autoloader->loadInNamespace()
 3 [internal function]: CodeIgniter\Autoloader\Autoloader->loadClass()
 4 SYSTEMPATH/Config/Factories.php(280): class_exists()
 5 SYSTEMPATH/Config/Factories.php(199): CodeIgniter\Config\Factories::locateClass()
 6 SYSTEMPATH/Config/Factories.php(158): CodeIgniter\Config\Factories::getDefinedInstance()
 7 SYSTEMPATH/Common.php(813): CodeIgniter\Config\Factories::__callStatic()
 8 APPPATH/Controllers/Actualite.php(13): model()
 9 SYSTEMPATH/CodeIgniter.php(941): App\Controllers\Actualite->afficher()
10 SYSTEMPATH/CodeIgniter.php(502): CodeIgniter\CodeIgniter->runController()
11 SYSTEMPATH/CodeIgniter.php(361): CodeIgniter\CodeIgniter->handleRequest()
12 FCPATH/index.php(79): CodeIgniter\CodeIgniter->run()
CRITICAL - 2024-11-04 13:59:37 --> ParseError: syntax error, unexpected token "public", expecting end of file
in APPPATH/Models/Db_model.php on line 19.
 1 SYSTEMPATH/Autoloader/Autoloader.php(288): CodeIgniter\Autoloader\Autoloader->includeFile()
 2 SYSTEMPATH/Autoloader/Autoloader.php(266): CodeIgniter\Autoloader\Autoloader->loadInNamespace()
 3 [internal function]: CodeIgniter\Autoloader\Autoloader->loadClass()
 4 SYSTEMPATH/Config/Factories.php(280): class_exists()
 5 SYSTEMPATH/Config/Factories.php(199): CodeIgniter\Config\Factories::locateClass()
 6 SYSTEMPATH/Config/Factories.php(158): CodeIgniter\Config\Factories::getDefinedInstance()
 7 SYSTEMPATH/Common.php(813): CodeIgniter\Config\Factories::__callStatic()
 8 APPPATH/Controllers/Actualite.php(13): model()
 9 SYSTEMPATH/CodeIgniter.php(941): App\Controllers\Actualite->afficher()
10 SYSTEMPATH/CodeIgniter.php(502): CodeIgniter\CodeIgniter->runController()
11 SYSTEMPATH/CodeIgniter.php(361): CodeIgniter\CodeIgniter->handleRequest()
12 FCPATH/index.php(79): CodeIgniter\CodeIgniter->run()
CRITICAL - 2024-11-04 13:59:37 --> ParseError: syntax error, unexpected token "public", expecting end of file
in APPPATH/Models/Db_model.php on line 19.
 1 SYSTEMPATH/Autoloader/Autoloader.php(288): CodeIgniter\Autoloader\Autoloader->includeFile()
 2 SYSTEMPATH/Autoloader/Autoloader.php(266): CodeIgniter\Autoloader\Autoloader->loadInNamespace()
 3 [internal function]: CodeIgniter\Autoloader\Autoloader->loadClass()
 4 SYSTEMPATH/Config/Factories.php(280): class_exists()
 5 SYSTEMPATH/Config/Factories.php(199): CodeIgniter\Config\Factories::locateClass()
 6 SYSTEMPATH/Config/Factories.php(158): CodeIgniter\Config\Factories::getDefinedInstance()
 7 SYSTEMPATH/Common.php(813): CodeIgniter\Config\Factories::__callStatic()
 8 APPPATH/Controllers/Actualite.php(13): model()
 9 SYSTEMPATH/CodeIgniter.php(941): App\Controllers\Actualite->afficher()
10 SYSTEMPATH/CodeIgniter.php(502): CodeIgniter\CodeIgniter->runController()
11 SYSTEMPATH/CodeIgniter.php(361): CodeIgniter\CodeIgniter->handleRequest()
12 FCPATH/index.php(79): CodeIgniter\CodeIgniter->run()
CRITICAL - 2024-11-04 13:59:38 --> ParseError: syntax error, unexpected token "public", expecting end of file
in APPPATH/Models/Db_model.php on line 19.
 1 SYSTEMPATH/Autoloader/Autoloader.php(288): CodeIgniter\Autoloader\Autoloader->includeFile()
 2 SYSTEMPATH/Autoloader/Autoloader.php(266): CodeIgniter\Autoloader\Autoloader->loadInNamespace()
 3 [internal function]: CodeIgniter\Autoloader\Autoloader->loadClass()
 4 SYSTEMPATH/Config/Factories.php(280): class_exists()
 5 SYSTEMPATH/Config/Factories.php(199): CodeIgniter\Config\Factories::locateClass()
 6 SYSTEMPATH/Config/Factories.php(158): CodeIgniter\Config\Factories::getDefinedInstance()
 7 SYSTEMPATH/Common.php(813): CodeIgniter\Config\Factories::__callStatic()
 8 APPPATH/Controllers/Actualite.php(13): model()
 9 SYSTEMPATH/CodeIgniter.php(941): App\Controllers\Actualite->afficher()
10 SYSTEMPATH/CodeIgniter.php(502): CodeIgniter\CodeIgniter->runController()
11 SYSTEMPATH/CodeIgniter.php(361): CodeIgniter\CodeIgniter->handleRequest()
12 FCPATH/index.php(79): CodeIgniter\CodeIgniter->run()
CRITICAL - 2024-11-04 14:00:34 --> ParseError: syntax error, unexpected token "public", expecting end of file
in APPPATH/Models/Db_model.php on line 19.
 1 SYSTEMPATH/Autoloader/Autoloader.php(288): CodeIgniter\Autoloader\Autoloader->includeFile()
 2 SYSTEMPATH/Autoloader/Autoloader.php(266): CodeIgniter\Autoloader\Autoloader->loadInNamespace()
 3 [internal function]: CodeIgniter\Autoloader\Autoloader->loadClass()
 4 SYSTEMPATH/Config/Factories.php(280): class_exists()
 5 SYSTEMPATH/Config/Factories.php(199): CodeIgniter\Config\Factories::locateClass()
 6 SYSTEMPATH/Config/Factories.php(158): CodeIgniter\Config\Factories::getDefinedInstance()
 7 SYSTEMPATH/Common.php(813): CodeIgniter\Config\Factories::__callStatic()
 8 APPPATH/Controllers/Actualite.php(13): model()
 9 SYSTEMPATH/CodeIgniter.php(941): App\Controllers\Actualite->afficher()
10 SYSTEMPATH/CodeIgniter.php(502): CodeIgniter\CodeIgniter->runController()
11 SYSTEMPATH/CodeIgniter.php(361): CodeIgniter\CodeIgniter->handleRequest()
12 FCPATH/index.php(79): CodeIgniter\CodeIgniter->run()
CRITICAL - 2024-11-04 14:00:35 --> ParseError: syntax error, unexpected token "public", expecting end of file
in APPPATH/Models/Db_model.php on line 19.
 1 SYSTEMPATH/Autoloader/Autoloader.php(288): CodeIgniter\Autoloader\Autoloader->includeFile()
 2 SYSTEMPATH/Autoloader/Autoloader.php(266): CodeIgniter\Autoloader\Autoloader->loadInNamespace()
 3 [internal function]: CodeIgniter\Autoloader\Autoloader->loadClass()
 4 SYSTEMPATH/Config/Factories.php(280): class_exists()
 5 SYSTEMPATH/Config/Factories.php(199): CodeIgniter\Config\Factories::locateClass()
 6 SYSTEMPATH/Config/Factories.php(158): CodeIgniter\Config\Factories::getDefinedInstance()
 7 SYSTEMPATH/Common.php(813): CodeIgniter\Config\Factories::__callStatic()
 8 APPPATH/Controllers/Actualite.php(13): model()
 9 SYSTEMPATH/CodeIgniter.php(941): App\Controllers\Actualite->afficher()
10 SYSTEMPATH/CodeIgniter.php(502): CodeIgniter\CodeIgniter->runController()
11 SYSTEMPATH/CodeIgniter.php(361): CodeIgniter\CodeIgniter->handleRequest()
12 FCPATH/index.php(79): CodeIgniter\CodeIgniter->run()
CRITICAL - 2024-11-04 14:00:35 --> ParseError: syntax error, unexpected token "public", expecting end of file
in APPPATH/Models/Db_model.php on line 19.
 1 SYSTEMPATH/Autoloader/Autoloader.php(288): CodeIgniter\Autoloader\Autoloader->includeFile()
 2 SYSTEMPATH/Autoloader/Autoloader.php(266): CodeIgniter\Autoloader\Autoloader->loadInNamespace()
 3 [internal function]: CodeIgniter\Autoloader\Autoloader->loadClass()
 4 SYSTEMPATH/Config/Factories.php(280): class_exists()
 5 SYSTEMPATH/Config/Factories.php(199): CodeIgniter\Config\Factories::locateClass()
 6 SYSTEMPATH/Config/Factories.php(158): CodeIgniter\Config\Factories::getDefinedInstance()
 7 SYSTEMPATH/Common.php(813): CodeIgniter\Config\Factories::__callStatic()
 8 APPPATH/Controllers/Actualite.php(13): model()
 9 SYSTEMPATH/CodeIgniter.php(941): App\Controllers\Actualite->afficher()
10 SYSTEMPATH/CodeIgniter.php(502): CodeIgniter\CodeIgniter->runController()
11 SYSTEMPATH/CodeIgniter.php(361): CodeIgniter\CodeIgniter->handleRequest()
12 FCPATH/index.php(79): CodeIgniter\CodeIgniter->run()
CRITICAL - 2024-11-04 14:02:46 --> ErrorException: Undefined property: stdClass::$act_id
in APPPATH/Views/affichage_actualite.php on line 4.
 1 APPPATH/Views/affichage_actualite.php(4): CodeIgniter\Debug\Exceptions->errorHandler()
 2 SYSTEMPATH/View/View.php(228): include('/home/2024DIFAL3/e22100290/public_html/V1/ci/app/Views/affichage_actualite.php')
 3 SYSTEMPATH/View/View.php(231): CodeIgniter\View\View->CodeIgniter\View\{closure}()
 4 SYSTEMPATH/Common.php(1178): CodeIgniter\View\View->render()
 5 APPPATH/Controllers/Actualite.php(22): view()
 6 SYSTEMPATH/CodeIgniter.php(941): App\Controllers\Actualite->afficher()
 7 SYSTEMPATH/CodeIgniter.php(502): CodeIgniter\CodeIgniter->runController()
 8 SYSTEMPATH/CodeIgniter.php(361): CodeIgniter\CodeIgniter->handleRequest()
 9 FCPATH/index.php(79): CodeIgniter\CodeIgniter->run()
CRITICAL - 2024-11-04 14:02:46 --> ErrorException: Undefined property: stdClass::$act_id
in APPPATH/Views/affichage_actualite.php on line 4.
 1 APPPATH/Views/affichage_actualite.php(4): CodeIgniter\Debug\Exceptions->errorHandler()
 2 SYSTEMPATH/View/View.php(228): include('/home/2024DIFAL3/e22100290/public_html/V1/ci/app/Views/affichage_actualite.php')
 3 SYSTEMPATH/View/View.php(231): CodeIgniter\View\View->CodeIgniter\View\{closure}()
 4 SYSTEMPATH/Common.php(1178): CodeIgniter\View\View->render()
 5 APPPATH/Controllers/Actualite.php(22): view()
 6 SYSTEMPATH/CodeIgniter.php(941): App\Controllers\Actualite->afficher()
 7 SYSTEMPATH/CodeIgniter.php(502): CodeIgniter\CodeIgniter->runController()
 8 SYSTEMPATH/CodeIgniter.php(361): CodeIgniter\CodeIgniter->handleRequest()
 9 FCPATH/index.php(79): CodeIgniter\CodeIgniter->run()
CRITICAL - 2024-11-04 14:13:54 --> ParseError: syntax error, unexpected variable "$pseudos", expecting "," or ";"
in APPPATH/Views/affichage_comptes.php on line 7.
 1 SYSTEMPATH/View/View.php(231): CodeIgniter\View\View->CodeIgniter\View\{closure}()
 2 SYSTEMPATH/Common.php(1178): CodeIgniter\View\View->render()
 3 APPPATH/Controllers/Compte.php(18): view()
 4 SYSTEMPATH/CodeIgniter.php(941): App\Controllers\Compte->lister()
 5 SYSTEMPATH/CodeIgniter.php(502): CodeIgniter\CodeIgniter->runController()
 6 SYSTEMPATH/CodeIgniter.php(361): CodeIgniter\CodeIgniter->handleRequest()
 7 FCPATH/index.php(79): CodeIgniter\CodeIgniter->run()
CRITICAL - 2024-11-04 14:15:51 --> ParseError: syntax error, unexpected variable "$pseudos", expecting "," or ";"
in APPPATH/Views/affichage_comptes.php on line 7.
 1 SYSTEMPATH/View/View.php(231): CodeIgniter\View\View->CodeIgniter\View\{closure}()
 2 SYSTEMPATH/Common.php(1178): CodeIgniter\View\View->render()
 3 APPPATH/Controllers/Compte.php(18): view()
 4 SYSTEMPATH/CodeIgniter.php(941): App\Controllers\Compte->lister()
 5 SYSTEMPATH/CodeIgniter.php(502): CodeIgniter\CodeIgniter->runController()
 6 SYSTEMPATH/CodeIgniter.php(361): CodeIgniter\CodeIgniter->handleRequest()
 7 FCPATH/index.php(79): CodeIgniter\CodeIgniter->run()
CRITICAL - 2024-11-04 14:18:13 --> ParseError: syntax error, unexpected variable "$pseudos", expecting "," or ";"
in APPPATH/Views/affichage_comptes.php on line 7.
 1 SYSTEMPATH/View/View.php(231): CodeIgniter\View\View->CodeIgniter\View\{closure}()
 2 SYSTEMPATH/Common.php(1178): CodeIgniter\View\View->render()
 3 APPPATH/Controllers/Compte.php(19): view()
 4 SYSTEMPATH/CodeIgniter.php(941): App\Controllers\Compte->lister()
 5 SYSTEMPATH/CodeIgniter.php(502): CodeIgniter\CodeIgniter->runController()
 6 SYSTEMPATH/CodeIgniter.php(361): CodeIgniter\CodeIgniter->handleRequest()
 7 FCPATH/index.php(79): CodeIgniter\CodeIgniter->run()
CRITICAL - 2024-11-04 14:18:15 --> ParseError: syntax error, unexpected variable "$pseudos", expecting "," or ";"
in APPPATH/Views/affichage_comptes.php on line 7.
 1 SYSTEMPATH/View/View.php(231): CodeIgniter\View\View->CodeIgniter\View\{closure}()
 2 SYSTEMPATH/Common.php(1178): CodeIgniter\View\View->render()
 3 APPPATH/Controllers/Compte.php(19): view()
 4 SYSTEMPATH/CodeIgniter.php(941): App\Controllers\Compte->lister()
 5 SYSTEMPATH/CodeIgniter.php(502): CodeIgniter\CodeIgniter->runController()
 6 SYSTEMPATH/CodeIgniter.php(361): CodeIgniter\CodeIgniter->handleRequest()
 7 FCPATH/index.php(79): CodeIgniter\CodeIgniter->run()
CRITICAL - 2024-11-04 14:19:50 --> ParseError: syntax error, unexpected variable "$pseudos", expecting "," or ";"
in APPPATH/Views/affichage_comptes.php on line 7.
 1 SYSTEMPATH/View/View.php(231): CodeIgniter\View\View->CodeIgniter\View\{closure}()
 2 SYSTEMPATH/Common.php(1178): CodeIgniter\View\View->render()
 3 APPPATH/Controllers/Compte.php(19): view()
 4 SYSTEMPATH/CodeIgniter.php(941): App\Controllers\Compte->lister()
 5 SYSTEMPATH/CodeIgniter.php(502): CodeIgniter\CodeIgniter->runController()
 6 SYSTEMPATH/CodeIgniter.php(361): CodeIgniter\CodeIgniter->handleRequest()
 7 FCPATH/index.php(79): CodeIgniter\CodeIgniter->run()
CRITICAL - 2024-11-04 14:21:15 --> ParseError: syntax error, unexpected variable "$nb", expecting "," or ";"
in APPPATH/Views/affichage_comptes.php on line 7.
 1 SYSTEMPATH/View/View.php(231): CodeIgniter\View\View->CodeIgniter\View\{closure}()
 2 SYSTEMPATH/Common.php(1178): CodeIgniter\View\View->render()
 3 APPPATH/Controllers/Compte.php(19): view()
 4 SYSTEMPATH/CodeIgniter.php(941): App\Controllers\Compte->lister()
 5 SYSTEMPATH/CodeIgniter.php(502): CodeIgniter\CodeIgniter->runController()
 6 SYSTEMPATH/CodeIgniter.php(361): CodeIgniter\CodeIgniter->handleRequest()
 7 FCPATH/index.php(79): CodeIgniter\CodeIgniter->run()
CRITICAL - 2024-11-04 14:22:44 --> ErrorException: Attempt to read property "nb_compte" on array
in APPPATH/Views/affichage_comptes.php on line 4.
 1 APPPATH/Views/affichage_comptes.php(4): CodeIgniter\Debug\Exceptions->errorHandler()
 2 SYSTEMPATH/View/View.php(228): include('/home/2024DIFAL3/e22100290/public_html/V1/ci/app/Views/affichage_comptes.php')
 3 SYSTEMPATH/View/View.php(231): CodeIgniter\View\View->CodeIgniter\View\{closure}()
 4 SYSTEMPATH/Common.php(1178): CodeIgniter\View\View->render()
 5 APPPATH/Controllers/Compte.php(19): view()
 6 SYSTEMPATH/CodeIgniter.php(941): App\Controllers\Compte->lister()
 7 SYSTEMPATH/CodeIgniter.php(502): CodeIgniter\CodeIgniter->runController()
 8 SYSTEMPATH/CodeIgniter.php(361): CodeIgniter\CodeIgniter->handleRequest()
 9 FCPATH/index.php(79): CodeIgniter\CodeIgniter->run()
